<?xml version="1.0" encoding="UTF-8"?>
<!-- Generated by org.testng.reporters.JUnitReportReporter -->
<testsuite skipped="0" hostname="LAPTOP-V2CLPA4F" name="org.springframework.test.context.cache.ClassLevelDirtiesContextTestNGTests$ClassLevelDirtiesContextWithDirtyMethodsTestCase" tests="1" failures="0" timestamp="19 四月 2020 04:32:57 GMT" time="0.001" errors="0">
  <testcase name="dirtyContext" time="0.001" classname="org.springframework.test.context.cache.ClassLevelDirtiesContextTestNGTests$ClassLevelDirtiesContextWithDirtyMethodsTestCase"/>
</testsuite> <!-- org.springframework.test.context.cache.ClassLevelDirtiesContextTestNGTests$ClassLevelDirtiesContextWithDirtyMethodsTestCase -->
